2025-12-18T23:02:58.006Z CONNECTION from ::1
2025-12-18T23:02:58.010Z RAW_MESSAGE: {"type":"key","payload":{"key":"enter"},"requestId":"cmd-1766098978007"}
2025-12-18T23:02:58.011Z HANDLE_KEY_COMMAND: {"key":"enter"}
2025-12-18T23:02:58.012Z ROUTER_TO_SERVER: enter
2025-12-18T23:02:58.013Z SERVER_KEY: enter from 944d328c-a283-4a1b-af08-75b7c8493ffc
2025-12-18T23:02:58.013Z BRIDGE_KEY: enter
2025-12-18T23:02:58.579Z CONNECTION from ::1
2025-12-18T23:02:58.582Z RAW_MESSAGE: {"type":"key","payload":{"key":"down"},"requestId":"cmd-1766098978581"}
2025-12-18T23:02:58.583Z HANDLE_KEY_COMMAND: {"key":"down"}
2025-12-18T23:02:58.585Z ROUTER_TO_SERVER: down
2025-12-18T23:02:58.585Z SERVER_KEY: down from aeab1fab-2ad2-407f-bab2-85496341c853
2025-12-18T23:02:58.589Z BRIDGE_KEY: down
2025-12-18T23:02:58.725Z CONNECTION from ::1
2025-12-18T23:02:58.727Z RAW_MESSAGE: {"type":"key","payload":{"key":"down"},"requestId":"cmd-1766098978726"}
2025-12-18T23:02:58.728Z HANDLE_KEY_COMMAND: {"key":"down"}
2025-12-18T23:02:58.729Z ROUTER_TO_SERVER: down
2025-12-18T23:02:58.730Z SERVER_KEY: down from 1a0646c5-fc10-4466-a678-9420b63c8836
2025-12-18T23:02:58.731Z BRIDGE_KEY: down
2025-12-18T23:02:58.855Z CONNECTION from ::1
2025-12-18T23:02:58.857Z RAW_MESSAGE: {"type":"key","payload":{"key":"down"},"requestId":"cmd-1766098978856"}
2025-12-18T23:02:58.858Z HANDLE_KEY_COMMAND: {"key":"down"}
2025-12-18T23:02:58.859Z ROUTER_TO_SERVER: down
2025-12-18T23:02:58.861Z SERVER_KEY: down from 729d9ec5-cea8-4232-8763-bbaf7c30a425
2025-12-18T23:02:58.862Z BRIDGE_KEY: down
2025-12-18T23:02:58.987Z CONNECTION from ::1
2025-12-18T23:02:58.990Z RAW_MESSAGE: {"type":"key","payload":{"key":"down"},"requestId":"cmd-1766098978988"}
2025-12-18T23:02:58.990Z HANDLE_KEY_COMMAND: {"key":"down"}
2025-12-18T23:02:58.992Z ROUTER_TO_SERVER: down
2025-12-18T23:02:58.993Z SERVER_KEY: down from 93e0c81d-8386-4a03-85e4-41349ca29b8d
2025-12-18T23:02:58.993Z BRIDGE_KEY: down
2025-12-18T23:02:59.120Z CONNECTION from ::1
2025-12-18T23:02:59.123Z RAW_MESSAGE: {"type":"key","payload":{"key":"down"},"requestId":"cmd-1766098979122"}
2025-12-18T23:02:59.123Z HANDLE_KEY_COMMAND: {"key":"down"}
2025-12-18T23:02:59.124Z ROUTER_TO_SERVER: down
2025-12-18T23:02:59.124Z SERVER_KEY: down from e1a850eb-9aa4-46e7-8eec-a8fc6223cb31
2025-12-18T23:02:59.125Z BRIDGE_KEY: down
2025-12-18T23:02:59.643Z CONNECTION from ::1
2025-12-18T23:02:59.646Z RAW_MESSAGE: {"type":"key","payload":{"key":"enter"},"requestId":"cmd-1766098979645"}
2025-12-18T23:02:59.646Z HANDLE_KEY_COMMAND: {"key":"enter"}
2025-12-18T23:02:59.647Z ROUTER_TO_SERVER: enter
2025-12-18T23:02:59.648Z SERVER_KEY: enter from d28b6e07-7d16-4063-a734-c735b1c71b85
2025-12-18T23:02:59.648Z BRIDGE_KEY: enter
2025-12-18T23:03:14.591Z CONNECTION from ::1
2025-12-18T23:03:14.596Z RAW_MESSAGE: {"type":"key","payload":{"key":"enter"},"requestId":"cmd-1766098994594"}
2025-12-18T23:03:14.597Z HANDLE_KEY_COMMAND: {"key":"enter"}
2025-12-18T23:03:14.597Z ROUTER_TO_SERVER: enter
2025-12-18T23:03:14.598Z SERVER_KEY: enter from 1169394c-2730-479b-8ce7-ddcad5b32885
2025-12-18T23:03:14.599Z BRIDGE_KEY: enter
2025-12-18T23:03:22.355Z CONNECTION from ::1
2025-12-18T23:03:22.358Z RAW_MESSAGE: {"type":"key","payload":{"key":"down"},"requestId":"cmd-1766099002356"}
2025-12-18T23:03:22.358Z HANDLE_KEY_COMMAND: {"key":"down"}
2025-12-18T23:03:22.359Z ROUTER_TO_SERVER: down
2025-12-18T23:03:22.359Z SERVER_KEY: down from cecfaab1-157e-4585-abe8-1ecd5be8442a
2025-12-18T23:03:22.359Z BRIDGE_KEY: down
2025-12-18T23:03:22.486Z CONNECTION from ::1
2025-12-18T23:03:22.488Z RAW_MESSAGE: {"type":"key","payload":{"key":"down"},"requestId":"cmd-1766099002488"}
2025-12-18T23:03:22.488Z HANDLE_KEY_COMMAND: {"key":"down"}
2025-12-18T23:03:22.490Z ROUTER_TO_SERVER: down
2025-12-18T23:03:22.490Z SERVER_KEY: down from a33ff2e0-4eed-4328-baa8-126553ec59fa
2025-12-18T23:03:22.492Z BRIDGE_KEY: down
2025-12-18T23:03:22.617Z CONNECTION from ::1
2025-12-18T23:03:22.620Z RAW_MESSAGE: {"type":"key","payload":{"key":"down"},"requestId":"cmd-1766099002619"}
2025-12-18T23:03:22.620Z HANDLE_KEY_COMMAND: {"key":"down"}
2025-12-18T23:03:22.621Z ROUTER_TO_SERVER: down
2025-12-18T23:03:22.622Z SERVER_KEY: down from d169ea71-2440-4255-bbf1-9bbc63ece37b
2025-12-18T23:03:22.622Z BRIDGE_KEY: down
2025-12-18T23:03:22.750Z CONNECTION from ::1
2025-12-18T23:03:22.753Z RAW_MESSAGE: {"type":"key","payload":{"key":"down"},"requestId":"cmd-1766099002752"}
2025-12-18T23:03:22.753Z HANDLE_KEY_COMMAND: {"key":"down"}
2025-12-18T23:03:22.754Z ROUTER_TO_SERVER: down
2025-12-18T23:03:22.754Z SERVER_KEY: down from 1206cfe8-1bfa-4ace-afc8-abd439a7ccfe
2025-12-18T23:03:22.755Z BRIDGE_KEY: down
2025-12-18T23:03:22.879Z CONNECTION from ::1
2025-12-18T23:03:22.881Z RAW_MESSAGE: {"type":"key","payload":{"key":"down"},"requestId":"cmd-1766099002880"}
2025-12-18T23:03:22.882Z HANDLE_KEY_COMMAND: {"key":"down"}
2025-12-18T23:03:22.883Z ROUTER_TO_SERVER: down
2025-12-18T23:03:22.884Z SERVER_KEY: down from f77e4b5d-e386-4068-8c99-a721dd645ef0
2025-12-18T23:03:22.884Z BRIDGE_KEY: down
2025-12-18T23:03:30.864Z CONNECTION from ::1
2025-12-18T23:03:30.867Z RAW_MESSAGE: {"type":"key","payload":{"key":"enter"},"requestId":"cmd-1766099010866"}
2025-12-18T23:03:30.867Z HANDLE_KEY_COMMAND: {"key":"enter"}
2025-12-18T23:03:30.869Z ROUTER_TO_SERVER: enter
2025-12-18T23:03:30.869Z SERVER_KEY: enter from 71c05b8a-2252-4142-87eb-135820d6d520
2025-12-18T23:03:30.870Z BRIDGE_KEY: enter
2025-12-18T23:03:46.471Z CONNECTION from ::1
2025-12-18T23:03:46.473Z RAW_MESSAGE: {"type":"key","payload":{"key":"right"},"requestId":"cmd-1766099026473"}
2025-12-18T23:03:46.474Z HANDLE_KEY_COMMAND: {"key":"right"}
2025-12-18T23:03:46.476Z ROUTER_TO_SERVER: right
2025-12-18T23:03:46.478Z SERVER_KEY: right from f4459eca-936d-424f-8d23-f329981b1b3d
2025-12-18T23:03:46.478Z BRIDGE_KEY: right
2025-12-18T23:03:46.603Z CONNECTION from ::1
2025-12-18T23:03:46.606Z RAW_MESSAGE: {"type":"key","payload":{"key":"right"},"requestId":"cmd-1766099026606"}
2025-12-18T23:03:46.607Z HANDLE_KEY_COMMAND: {"key":"right"}
2025-12-18T23:03:46.607Z ROUTER_TO_SERVER: right
2025-12-18T23:03:46.608Z SERVER_KEY: right from 7d981ed7-3301-4cfb-bc17-75c000c8dffa
2025-12-18T23:03:46.608Z BRIDGE_KEY: right
2025-12-18T23:04:00.718Z CONNECTION from ::1
2025-12-18T23:04:00.721Z RAW_MESSAGE: {"type":"key","payload":{"key":"left"},"requestId":"cmd-1766099040720"}
2025-12-18T23:04:00.721Z HANDLE_KEY_COMMAND: {"key":"left"}
2025-12-18T23:04:00.723Z ROUTER_TO_SERVER: left
2025-12-18T23:04:00.724Z SERVER_KEY: left from 808f0a97-5c7a-411e-a43b-77c599552b96
2025-12-18T23:04:00.724Z BRIDGE_KEY: left
2025-12-18T23:04:00.857Z CONNECTION from ::1
2025-12-18T23:04:00.860Z RAW_MESSAGE: {"type":"key","payload":{"key":"left"},"requestId":"cmd-1766099040859"}
2025-12-18T23:04:00.860Z HANDLE_KEY_COMMAND: {"key":"left"}
2025-12-18T23:04:00.861Z ROUTER_TO_SERVER: left
2025-12-18T23:04:00.861Z SERVER_KEY: left from 86a82f71-b34f-49ae-8080-268d94abe1c7
2025-12-18T23:04:00.862Z BRIDGE_KEY: left
2025-12-18T23:04:08.373Z CONNECTION from ::1
2025-12-18T23:04:08.375Z RAW_MESSAGE: {"type":"key","payload":{"key":"left"},"requestId":"cmd-1766099048375"}
2025-12-18T23:04:08.376Z HANDLE_KEY_COMMAND: {"key":"left"}
2025-12-18T23:04:08.377Z ROUTER_TO_SERVER: left
2025-12-18T23:04:08.377Z SERVER_KEY: left from feba2a7e-2ba2-4936-a195-bc2432e8fd73
2025-12-18T23:04:08.378Z BRIDGE_KEY: left
2025-12-18T23:04:08.502Z CONNECTION from ::1
2025-12-18T23:04:08.504Z RAW_MESSAGE: {"type":"key","payload":{"key":"left"},"requestId":"cmd-1766099048503"}
2025-12-18T23:04:08.505Z HANDLE_KEY_COMMAND: {"key":"left"}
2025-12-18T23:04:08.505Z ROUTER_TO_SERVER: left
2025-12-18T23:04:08.506Z SERVER_KEY: left from 49633112-b6fb-4630-bdff-3e5a4a47c3c7
2025-12-18T23:04:08.506Z BRIDGE_KEY: left
2025-12-18T23:04:15.648Z CONNECTION from ::1
2025-12-18T23:04:15.651Z RAW_MESSAGE: {"type":"key","payload":{"key":"right"},"requestId":"cmd-1766099055651"}
2025-12-18T23:04:15.651Z HANDLE_KEY_COMMAND: {"key":"right"}
2025-12-18T23:04:15.652Z ROUTER_TO_SERVER: right
2025-12-18T23:04:15.653Z SERVER_KEY: right from 82a11539-19dd-48da-b31a-5e860b0f4a02
2025-12-18T23:04:15.655Z BRIDGE_KEY: right
2025-12-18T23:04:15.779Z CONNECTION from ::1
2025-12-18T23:04:15.782Z RAW_MESSAGE: {"type":"key","payload":{"key":"right"},"requestId":"cmd-1766099055779"}
2025-12-18T23:04:15.782Z HANDLE_KEY_COMMAND: {"key":"right"}
2025-12-18T23:04:15.783Z ROUTER_TO_SERVER: right
2025-12-18T23:04:15.783Z SERVER_KEY: right from 2fe63820-1597-4c4e-bf4b-3409ec446cc8
2025-12-18T23:04:15.783Z BRIDGE_KEY: right
2025-12-18T23:04:21.932Z CONNECTION from ::1
2025-12-18T23:04:21.935Z RAW_MESSAGE: {"type":"key","payload":{"key":"enter"},"requestId":"cmd-1766099061934"}
2025-12-18T23:04:21.935Z HANDLE_KEY_COMMAND: {"key":"enter"}
2025-12-18T23:04:21.937Z ROUTER_TO_SERVER: enter
2025-12-18T23:04:21.937Z SERVER_KEY: enter from fceecf3c-3996-455b-8e9e-c887f65cdc9d
2025-12-18T23:04:21.938Z BRIDGE_KEY: enter
2025-12-18T23:04:37.457Z CONNECTION from ::1
2025-12-18T23:04:37.462Z RAW_MESSAGE: {"type":"key","payload":{"key":"down"},"requestId":"cmd-1766099077461"}
2025-12-18T23:04:37.463Z HANDLE_KEY_COMMAND: {"key":"down"}
2025-12-18T23:04:37.464Z ROUTER_TO_SERVER: down
2025-12-18T23:04:37.464Z SERVER_KEY: down from d7c8c24f-f38b-4907-a675-ba7ade979ffd
2025-12-18T23:04:37.464Z BRIDGE_KEY: down
2025-12-18T23:04:37.588Z CONNECTION from ::1
2025-12-18T23:04:37.590Z RAW_MESSAGE: {"type":"key","payload":{"key":"down"},"requestId":"cmd-1766099077589"}
2025-12-18T23:04:37.591Z HANDLE_KEY_COMMAND: {"key":"down"}
2025-12-18T23:04:37.592Z ROUTER_TO_SERVER: down
2025-12-18T23:04:37.592Z SERVER_KEY: down from 984ddf90-7b50-4a0b-9862-e735bc88d493
2025-12-18T23:04:37.593Z BRIDGE_KEY: down
2025-12-18T23:04:37.706Z CONNECTION from ::1
2025-12-18T23:04:37.708Z RAW_MESSAGE: {"type":"key","payload":{"key":"down"},"requestId":"cmd-1766099077708"}
2025-12-18T23:04:37.709Z HANDLE_KEY_COMMAND: {"key":"down"}
2025-12-18T23:04:37.709Z ROUTER_TO_SERVER: down
2025-12-18T23:04:37.710Z SERVER_KEY: down from 40dea9f2-78b2-4ce4-84dc-1a6f540a8af4
2025-12-18T23:04:37.710Z BRIDGE_KEY: down
2025-12-18T23:04:37.824Z CONNECTION from ::1
2025-12-18T23:04:37.827Z RAW_MESSAGE: {"type":"key","payload":{"key":"down"},"requestId":"cmd-1766099077826"}
2025-12-18T23:04:37.827Z HANDLE_KEY_COMMAND: {"key":"down"}
2025-12-18T23:04:37.829Z ROUTER_TO_SERVER: down
2025-12-18T23:04:37.830Z SERVER_KEY: down from 952ba4cf-be20-469b-9288-561be7fc9281
2025-12-18T23:04:37.830Z BRIDGE_KEY: down
2025-12-18T23:04:37.947Z CONNECTION from ::1
2025-12-18T23:04:37.949Z RAW_MESSAGE: {"type":"key","payload":{"key":"down"},"requestId":"cmd-1766099077949"}
2025-12-18T23:04:37.950Z HANDLE_KEY_COMMAND: {"key":"down"}
2025-12-18T23:04:37.951Z ROUTER_TO_SERVER: down
2025-12-18T23:04:37.951Z SERVER_KEY: down from 2e49d6a1-54a5-4460-946d-33b3af46f495
2025-12-18T23:04:37.952Z BRIDGE_KEY: down
2025-12-18T23:04:38.353Z CONNECTION from ::1
2025-12-18T23:04:38.355Z RAW_MESSAGE: {"type":"key","payload":{"key":"enter"},"requestId":"cmd-1766099078355"}
2025-12-18T23:04:38.356Z HANDLE_KEY_COMMAND: {"key":"enter"}
2025-12-18T23:04:38.357Z ROUTER_TO_SERVER: enter
2025-12-18T23:04:38.358Z SERVER_KEY: enter from 10fc2c53-2ad7-4c50-b7e6-2447d9a27beb
2025-12-18T23:04:38.358Z BRIDGE_KEY: enter
2025-12-18T23:04:52.120Z CONNECTION from ::1
2025-12-18T23:04:52.123Z RAW_MESSAGE: {"type":"key","payload":{"key":"down"},"requestId":"cmd-1766099092122"}
2025-12-18T23:04:52.123Z HANDLE_KEY_COMMAND: {"key":"down"}
2025-12-18T23:04:52.125Z ROUTER_TO_SERVER: down
2025-12-18T23:04:52.127Z SERVER_KEY: down from 77a690f8-548d-4480-ba67-efc71d42ea86
2025-12-18T23:04:52.128Z BRIDGE_KEY: down
2025-12-18T23:04:52.253Z CONNECTION from ::1
2025-12-18T23:04:52.256Z RAW_MESSAGE: {"type":"key","payload":{"key":"down"},"requestId":"cmd-1766099092255"}
2025-12-18T23:04:52.256Z HANDLE_KEY_COMMAND: {"key":"down"}
2025-12-18T23:04:52.257Z ROUTER_TO_SERVER: down
2025-12-18T23:04:52.258Z SERVER_KEY: down from d9aac7d7-638a-4a0c-9e4f-3d3adecaf9b1
2025-12-18T23:04:52.258Z BRIDGE_KEY: down
2025-12-18T23:04:52.376Z CONNECTION from ::1
2025-12-18T23:04:52.379Z RAW_MESSAGE: {"type":"key","payload":{"key":"down"},"requestId":"cmd-1766099092378"}
2025-12-18T23:04:52.379Z HANDLE_KEY_COMMAND: {"key":"down"}
2025-12-18T23:04:52.381Z ROUTER_TO_SERVER: down
2025-12-18T23:04:52.382Z SERVER_KEY: down from 1208afe3-a202-4885-8a0f-f930ddd4f7d2
2025-12-18T23:04:52.383Z BRIDGE_KEY: down
2025-12-18T23:04:52.512Z CONNECTION from ::1
2025-12-18T23:04:52.515Z RAW_MESSAGE: {"type":"key","payload":{"key":"down"},"requestId":"cmd-1766099092514"}
2025-12-18T23:04:52.516Z HANDLE_KEY_COMMAND: {"key":"down"}
2025-12-18T23:04:52.517Z ROUTER_TO_SERVER: down
2025-12-18T23:04:52.518Z SERVER_KEY: down from 21f3c9e4-d762-48ef-b5b5-8232483ee5c9
2025-12-18T23:04:52.520Z BRIDGE_KEY: down
2025-12-18T23:04:52.649Z CONNECTION from ::1
2025-12-18T23:04:52.652Z RAW_MESSAGE: {"type":"key","payload":{"key":"down"},"requestId":"cmd-1766099092650"}
2025-12-18T23:04:52.652Z HANDLE_KEY_COMMAND: {"key":"down"}
2025-12-18T23:04:52.653Z ROUTER_TO_SERVER: down
2025-12-18T23:04:52.654Z SERVER_KEY: down from 6f5de2e6-a580-41fc-9218-cf9db1bce925
2025-12-18T23:04:52.654Z BRIDGE_KEY: down
2025-12-18T23:04:52.767Z CONNECTION from ::1
2025-12-18T23:04:52.770Z RAW_MESSAGE: {"type":"key","payload":{"key":"enter"},"requestId":"cmd-1766099092769"}
2025-12-18T23:04:52.770Z HANDLE_KEY_COMMAND: {"key":"enter"}
2025-12-18T23:04:52.771Z ROUTER_TO_SERVER: enter
2025-12-18T23:04:52.771Z SERVER_KEY: enter from ae5e9ca2-6155-499a-8ead-1d5792bf9e41
2025-12-18T23:04:52.772Z BRIDGE_KEY: enter
2025-12-18T23:05:05.616Z CONNECTION from ::1
2025-12-18T23:05:05.619Z RAW_MESSAGE: {"type":"key","payload":{"key":"up"},"requestId":"cmd-1766099105617"}
2025-12-18T23:05:05.619Z HANDLE_KEY_COMMAND: {"key":"up"}
2025-12-18T23:05:05.620Z ROUTER_TO_SERVER: up
2025-12-18T23:05:05.621Z SERVER_KEY: up from 759a6b74-966e-4b7a-9727-6a913c12602f
2025-12-18T23:05:05.621Z BRIDGE_KEY: up
2025-12-18T23:05:11.607Z CONNECTION from ::1
2025-12-18T23:05:11.610Z RAW_MESSAGE: {"type":"key","payload":{"key":"enter"},"requestId":"cmd-1766099111609"}
2025-12-18T23:05:11.610Z HANDLE_KEY_COMMAND: {"key":"enter"}
2025-12-18T23:05:11.612Z ROUTER_TO_SERVER: enter
2025-12-18T23:05:11.614Z SERVER_KEY: enter from 7575500f-ab6c-4b64-9839-1f07fa7b7abe
2025-12-18T23:05:11.614Z BRIDGE_KEY: enter
2025-12-18T23:06:09.041Z CONNECTION from ::1
2025-12-18T23:06:09.045Z RAW_MESSAGE: {"type":"key","payload":{"key":"enter"},"requestId":"cmd-1766099169041"}
2025-12-18T23:06:09.046Z HANDLE_KEY_COMMAND: {"key":"enter"}
2025-12-18T23:06:09.047Z ROUTER_TO_SERVER: enter
2025-12-18T23:06:09.047Z SERVER_KEY: enter from 8ac4f3de-c1ed-43c4-8c4d-3970935bcd3c
2025-12-18T23:06:09.048Z BRIDGE_KEY: enter
2025-12-18T23:06:09.560Z CONNECTION from ::1
2025-12-18T23:06:09.562Z RAW_MESSAGE: {"type":"key","payload":{"key":"down"},"requestId":"cmd-1766099169562"}
2025-12-18T23:06:09.563Z HANDLE_KEY_COMMAND: {"key":"down"}
2025-12-18T23:06:09.564Z ROUTER_TO_SERVER: down
2025-12-18T23:06:09.564Z SERVER_KEY: down from 3742ff40-55ec-437d-8fe9-58c0f42f5bd6
2025-12-18T23:06:09.565Z BRIDGE_KEY: down
2025-12-18T23:06:09.692Z CONNECTION from ::1
2025-12-18T23:06:09.694Z RAW_MESSAGE: {"type":"key","payload":{"key":"down"},"requestId":"cmd-1766099169693"}
2025-12-18T23:06:09.695Z HANDLE_KEY_COMMAND: {"key":"down"}
2025-12-18T23:06:09.696Z ROUTER_TO_SERVER: down
2025-12-18T23:06:09.697Z SERVER_KEY: down from d689692d-ee26-4cf5-9b62-2035eebdb44a
2025-12-18T23:06:09.697Z BRIDGE_KEY: down
2025-12-18T23:06:09.825Z CONNECTION from ::1
2025-12-18T23:06:09.828Z RAW_MESSAGE: {"type":"key","payload":{"key":"down"},"requestId":"cmd-1766099169827"}
2025-12-18T23:06:09.828Z HANDLE_KEY_COMMAND: {"key":"down"}
2025-12-18T23:06:09.830Z ROUTER_TO_SERVER: down
2025-12-18T23:06:09.830Z SERVER_KEY: down from 39d7033a-1f5e-4a36-87d9-9bfde9f9de81
2025-12-18T23:06:09.831Z BRIDGE_KEY: down
2025-12-18T23:06:09.965Z CONNECTION from ::1
2025-12-18T23:06:09.968Z RAW_MESSAGE: {"type":"key","payload":{"key":"down"},"requestId":"cmd-1766099169967"}
2025-12-18T23:06:09.969Z HANDLE_KEY_COMMAND: {"key":"down"}
2025-12-18T23:06:09.970Z ROUTER_TO_SERVER: down
2025-12-18T23:06:09.970Z SERVER_KEY: down from 0542218a-c901-47e9-99f6-a2a12b6db596
2025-12-18T23:06:09.971Z BRIDGE_KEY: down
2025-12-18T23:06:10.107Z CONNECTION from ::1
2025-12-18T23:06:10.110Z RAW_MESSAGE: {"type":"key","payload":{"key":"down"},"requestId":"cmd-1766099170109"}
2025-12-18T23:06:10.111Z HANDLE_KEY_COMMAND: {"key":"down"}
2025-12-18T23:06:10.111Z ROUTER_TO_SERVER: down
2025-12-18T23:06:10.112Z SERVER_KEY: down from 5ba4c7c9-ac76-4bce-b3f0-006d7f60f445
2025-12-18T23:06:10.112Z BRIDGE_KEY: down
2025-12-18T23:06:10.610Z CONNECTION from ::1
2025-12-18T23:06:10.612Z RAW_MESSAGE: {"type":"key","payload":{"key":"enter"},"requestId":"cmd-1766099170612"}
2025-12-18T23:06:10.613Z HANDLE_KEY_COMMAND: {"key":"enter"}
2025-12-18T23:06:10.614Z ROUTER_TO_SERVER: enter
2025-12-18T23:06:10.614Z SERVER_KEY: enter from cdb42f6b-7c57-4a95-8cd3-a7a0c00d88b4
2025-12-18T23:06:10.615Z BRIDGE_KEY: enter
2025-12-18T23:06:23.872Z CONNECTION from ::1
2025-12-18T23:06:23.875Z RAW_MESSAGE: {"type":"key","payload":{"key":"enter"},"requestId":"cmd-1766099183874"}
2025-12-18T23:06:23.876Z HANDLE_KEY_COMMAND: {"key":"enter"}
2025-12-18T23:06:23.877Z ROUTER_TO_SERVER: enter
2025-12-18T23:06:23.877Z SERVER_KEY: enter from fb01028d-43d5-4ff2-8610-28079231186c
2025-12-18T23:06:23.877Z BRIDGE_KEY: enter
2025-12-18T23:06:24.332Z CONNECTION from ::1
2025-12-18T23:06:24.334Z RAW_MESSAGE: {"type":"key","payload":{"key":"down"},"requestId":"cmd-1766099184333"}
2025-12-18T23:06:24.335Z HANDLE_KEY_COMMAND: {"key":"down"}
2025-12-18T23:06:24.336Z ROUTER_TO_SERVER: down
2025-12-18T23:06:24.338Z SERVER_KEY: down from 1acc2e71-0d02-489c-b5b0-3761af2cff41
2025-12-18T23:06:24.338Z BRIDGE_KEY: down
2025-12-18T23:06:24.457Z CONNECTION from ::1
2025-12-18T23:06:24.460Z RAW_MESSAGE: {"type":"key","payload":{"key":"down"},"requestId":"cmd-1766099184459"}
2025-12-18T23:06:24.460Z HANDLE_KEY_COMMAND: {"key":"down"}
2025-12-18T23:06:24.462Z ROUTER_TO_SERVER: down
2025-12-18T23:06:24.462Z SERVER_KEY: down from 967bf9ad-bb99-4a9c-b0cc-08ef06eae63a
2025-12-18T23:06:24.464Z BRIDGE_KEY: down
2025-12-18T23:06:24.586Z CONNECTION from ::1
2025-12-18T23:06:24.588Z RAW_MESSAGE: {"type":"key","payload":{"key":"down"},"requestId":"cmd-1766099184588"}
2025-12-18T23:06:24.589Z HANDLE_KEY_COMMAND: {"key":"down"}
2025-12-18T23:06:24.590Z ROUTER_TO_SERVER: down
2025-12-18T23:06:24.591Z SERVER_KEY: down from 2c0605c2-01f2-4cc1-a594-a10523e12b78
2025-12-18T23:06:24.591Z BRIDGE_KEY: down
2025-12-18T23:06:24.711Z CONNECTION from ::1
2025-12-18T23:06:24.715Z RAW_MESSAGE: {"type":"key","payload":{"key":"down"},"requestId":"cmd-1766099184713"}
2025-12-18T23:06:24.715Z HANDLE_KEY_COMMAND: {"key":"down"}
2025-12-18T23:06:24.716Z ROUTER_TO_SERVER: down
2025-12-18T23:06:24.717Z SERVER_KEY: down from d61ccd0b-576b-4771-a6a7-875cc56e9156
2025-12-18T23:06:24.718Z BRIDGE_KEY: down
2025-12-18T23:06:24.848Z CONNECTION from ::1
2025-12-18T23:06:24.851Z RAW_MESSAGE: {"type":"key","payload":{"key":"down"},"requestId":"cmd-1766099184850"}
2025-12-18T23:06:24.852Z HANDLE_KEY_COMMAND: {"key":"down"}
2025-12-18T23:06:24.853Z ROUTER_TO_SERVER: down
2025-12-18T23:06:24.854Z SERVER_KEY: down from 90c74c85-47e3-43dd-a769-6d39e49cc51c
2025-12-18T23:06:24.854Z BRIDGE_KEY: down
2025-12-18T23:06:25.294Z CONNECTION from ::1
2025-12-18T23:06:25.296Z RAW_MESSAGE: {"type":"key","payload":{"key":"enter"},"requestId":"cmd-1766099185295"}
2025-12-18T23:06:25.296Z HANDLE_KEY_COMMAND: {"key":"enter"}
2025-12-18T23:06:25.298Z ROUTER_TO_SERVER: enter
2025-12-18T23:06:25.300Z SERVER_KEY: enter from df5f71cf-f30b-44f1-9ac6-585015402cc0
2025-12-18T23:06:25.300Z BRIDGE_KEY: enter
2025-12-18T23:06:32.608Z CONNECTION from ::1
2025-12-18T23:06:32.611Z RAW_MESSAGE: {"type":"key","payload":{"key":"up"},"requestId":"cmd-1766099192610"}
2025-12-18T23:06:32.612Z HANDLE_KEY_COMMAND: {"key":"up"}
2025-12-18T23:06:32.612Z ROUTER_TO_SERVER: up
2025-12-18T23:06:32.613Z SERVER_KEY: up from 23cc1dc0-bda4-43ac-a24d-0c28eceb7138
2025-12-18T23:06:32.613Z BRIDGE_KEY: up
2025-12-18T23:06:40.933Z CONNECTION from ::1
2025-12-18T23:06:40.937Z RAW_MESSAGE: {"type":"key","payload":{"key":"up"},"requestId":"cmd-1766099200935"}
2025-12-18T23:06:40.937Z HANDLE_KEY_COMMAND: {"key":"up"}
2025-12-18T23:06:40.938Z ROUTER_TO_SERVER: up
2025-12-18T23:06:40.939Z SERVER_KEY: up from e073f349-2d8d-43a9-8634-29ff2c4b515e
2025-12-18T23:06:40.940Z BRIDGE_KEY: up
2025-12-18T23:06:48.529Z CONNECTION from ::1
2025-12-18T23:06:48.532Z RAW_MESSAGE: {"type":"key","payload":{"key":"down"},"requestId":"cmd-1766099208531"}
2025-12-18T23:06:48.533Z HANDLE_KEY_COMMAND: {"key":"down"}
2025-12-18T23:06:48.534Z ROUTER_TO_SERVER: down
2025-12-18T23:06:48.536Z SERVER_KEY: down from 18bac5a2-26b6-4b78-b4f5-e8a6982e92c0
2025-12-18T23:06:48.536Z BRIDGE_KEY: down
2025-12-18T23:06:55.422Z CONNECTION from ::1
2025-12-18T23:06:55.424Z RAW_MESSAGE: {"type":"key","payload":{"key":"enter"},"requestId":"cmd-1766099215424"}
2025-12-18T23:06:55.425Z HANDLE_KEY_COMMAND: {"key":"enter"}
2025-12-18T23:06:55.426Z ROUTER_TO_SERVER: enter
2025-12-18T23:06:55.426Z SERVER_KEY: enter from 72f9c130-52f3-4e5c-83c2-8a4373ba71ee
2025-12-18T23:06:55.426Z BRIDGE_KEY: enter
2025-12-18T23:08:18.538Z CONNECTION from ::1
2025-12-18T23:08:18.541Z RAW_MESSAGE: {"type":"key","payload":{"key":"enter"},"requestId":"cmd-1766099298539"}
2025-12-18T23:08:18.542Z HANDLE_KEY_COMMAND: {"key":"enter"}
2025-12-18T23:08:18.543Z ROUTER_TO_SERVER: enter
2025-12-18T23:08:18.544Z SERVER_KEY: enter from 661cda6a-2854-4125-b3f5-c9252b7f941c
2025-12-18T23:08:18.544Z BRIDGE_KEY: enter
2025-12-18T23:08:18.688Z CONNECTION from ::1
2025-12-18T23:08:18.692Z RAW_MESSAGE: {"type":"key","payload":{"key":"down"},"requestId":"cmd-1766099298690"}
2025-12-18T23:08:18.692Z HANDLE_KEY_COMMAND: {"key":"down"}
2025-12-18T23:08:18.692Z ROUTER_TO_SERVER: down
2025-12-18T23:08:18.693Z SERVER_KEY: down from ef4f7f7d-470f-4584-9721-737b19a70e85
2025-12-18T23:08:18.693Z BRIDGE_KEY: down
2025-12-18T23:08:18.825Z CONNECTION from ::1
2025-12-18T23:08:18.828Z RAW_MESSAGE: {"type":"key","payload":{"key":"down"},"requestId":"cmd-1766099298827"}
2025-12-18T23:08:18.828Z HANDLE_KEY_COMMAND: {"key":"down"}
2025-12-18T23:08:18.829Z ROUTER_TO_SERVER: down
2025-12-18T23:08:18.830Z SERVER_KEY: down from 931d41f4-4d5f-4ee8-878b-6a72aa162a86
2025-12-18T23:08:18.830Z BRIDGE_KEY: down
2025-12-18T23:08:18.960Z CONNECTION from ::1
2025-12-18T23:08:18.963Z RAW_MESSAGE: {"type":"key","payload":{"key":"down"},"requestId":"cmd-1766099298962"}
2025-12-18T23:08:18.963Z HANDLE_KEY_COMMAND: {"key":"down"}
2025-12-18T23:08:18.964Z ROUTER_TO_SERVER: down
2025-12-18T23:08:18.965Z SERVER_KEY: down from 0b3afc4e-4d58-41a2-ab2b-76eae1db8fa6
2025-12-18T23:08:18.966Z BRIDGE_KEY: down
2025-12-18T23:08:19.091Z CONNECTION from ::1
2025-12-18T23:08:19.094Z RAW_MESSAGE: {"type":"key","payload":{"key":"down"},"requestId":"cmd-1766099299093"}
2025-12-18T23:08:19.094Z HANDLE_KEY_COMMAND: {"key":"down"}
2025-12-18T23:08:19.095Z ROUTER_TO_SERVER: down
2025-12-18T23:08:19.096Z SERVER_KEY: down from 7c68e515-451f-4066-888d-21f4d383737b
2025-12-18T23:08:19.097Z BRIDGE_KEY: down
2025-12-18T23:08:19.230Z CONNECTION from ::1
2025-12-18T23:08:19.233Z RAW_MESSAGE: {"type":"key","payload":{"key":"down"},"requestId":"cmd-1766099299232"}
2025-12-18T23:08:19.234Z HANDLE_KEY_COMMAND: {"key":"down"}
2025-12-18T23:08:19.235Z ROUTER_TO_SERVER: down
2025-12-18T23:08:19.236Z SERVER_KEY: down from 2c8289f0-4940-48a6-a37d-015177136365
2025-12-18T23:08:19.236Z BRIDGE_KEY: down
2025-12-18T23:08:19.370Z CONNECTION from ::1
2025-12-18T23:08:19.373Z RAW_MESSAGE: {"type":"key","payload":{"key":"enter"},"requestId":"cmd-1766099299372"}
2025-12-18T23:08:19.374Z HANDLE_KEY_COMMAND: {"key":"enter"}
2025-12-18T23:08:19.375Z ROUTER_TO_SERVER: enter
2025-12-18T23:08:19.376Z SERVER_KEY: enter from 28d23c37-cb18-4a53-8f1d-c9b5a2dd9a92
2025-12-18T23:08:19.377Z BRIDGE_KEY: enter
2025-12-18T23:08:33.409Z CONNECTION from ::1
2025-12-18T23:08:33.412Z RAW_MESSAGE: {"type":"key","payload":{"key":"enter"},"requestId":"cmd-1766099313411"}
2025-12-18T23:08:33.412Z HANDLE_KEY_COMMAND: {"key":"enter"}
2025-12-18T23:08:33.413Z ROUTER_TO_SERVER: enter
2025-12-18T23:08:33.414Z SERVER_KEY: enter from 00989c69-b49e-4b5a-839f-1470b651a991
2025-12-18T23:08:33.415Z BRIDGE_KEY: enter
2025-12-18T23:08:33.560Z CONNECTION from ::1
2025-12-18T23:08:33.563Z RAW_MESSAGE: {"type":"key","payload":{"key":"down"},"requestId":"cmd-1766099313562"}
2025-12-18T23:08:33.563Z HANDLE_KEY_COMMAND: {"key":"down"}
2025-12-18T23:08:33.565Z ROUTER_TO_SERVER: down
2025-12-18T23:08:33.565Z SERVER_KEY: down from ab26d9ab-b7da-4ac2-841a-75971a6d6398
2025-12-18T23:08:33.565Z BRIDGE_KEY: down
2025-12-18T23:08:33.699Z CONNECTION from ::1
2025-12-18T23:08:33.702Z RAW_MESSAGE: {"type":"key","payload":{"key":"down"},"requestId":"cmd-1766099313701"}
2025-12-18T23:08:33.703Z HANDLE_KEY_COMMAND: {"key":"down"}
2025-12-18T23:08:33.704Z ROUTER_TO_SERVER: down
2025-12-18T23:08:33.705Z SERVER_KEY: down from a0ab5a6e-4401-4c6b-a7ff-d5617ad8f0f5
2025-12-18T23:08:33.705Z BRIDGE_KEY: down
2025-12-18T23:08:33.834Z CONNECTION from ::1
2025-12-18T23:08:33.837Z RAW_MESSAGE: {"type":"key","payload":{"key":"down"},"requestId":"cmd-1766099313836"}
2025-12-18T23:08:33.837Z HANDLE_KEY_COMMAND: {"key":"down"}
2025-12-18T23:08:33.838Z ROUTER_TO_SERVER: down
2025-12-18T23:08:33.839Z SERVER_KEY: down from 09806436-73ae-45f4-b2de-adafb599b6c5
2025-12-18T23:08:33.840Z BRIDGE_KEY: down
2025-12-18T23:08:33.982Z CONNECTION from ::1
2025-12-18T23:08:33.985Z RAW_MESSAGE: {"type":"key","payload":{"key":"down"},"requestId":"cmd-1766099313984"}
2025-12-18T23:08:33.986Z HANDLE_KEY_COMMAND: {"key":"down"}
2025-12-18T23:08:33.986Z ROUTER_TO_SERVER: down
2025-12-18T23:08:33.986Z SERVER_KEY: down from 5d319347-60ea-4c8b-acbb-906ad70514ac
2025-12-18T23:08:33.987Z BRIDGE_KEY: down
2025-12-18T23:08:34.121Z CONNECTION from ::1
2025-12-18T23:08:34.124Z RAW_MESSAGE: {"type":"key","payload":{"key":"down"},"requestId":"cmd-1766099314123"}
2025-12-18T23:08:34.124Z HANDLE_KEY_COMMAND: {"key":"down"}
2025-12-18T23:08:34.125Z ROUTER_TO_SERVER: down
2025-12-18T23:08:34.125Z SERVER_KEY: down from 6fdbc313-9229-41b1-b6fa-d6ae9840805f
2025-12-18T23:08:34.125Z BRIDGE_KEY: down
2025-12-18T23:08:34.241Z CONNECTION from ::1
2025-12-18T23:08:34.245Z RAW_MESSAGE: {"type":"key","payload":{"key":"enter"},"requestId":"cmd-1766099314244"}
2025-12-18T23:08:34.245Z HANDLE_KEY_COMMAND: {"key":"enter"}
2025-12-18T23:08:34.247Z ROUTER_TO_SERVER: enter
2025-12-18T23:08:34.247Z SERVER_KEY: enter from 3d6ace3c-46fc-4aeb-9ce9-f11d745a8a3e
2025-12-18T23:08:34.248Z BRIDGE_KEY: enter
2025-12-18T23:08:42.272Z CONNECTION from ::1
2025-12-18T23:08:42.275Z RAW_MESSAGE: {"type":"key","payload":{"key":"up"},"requestId":"cmd-1766099322274"}
2025-12-18T23:08:42.277Z HANDLE_KEY_COMMAND: {"key":"up"}
2025-12-18T23:08:42.279Z ROUTER_TO_SERVER: up
2025-12-18T23:08:42.281Z SERVER_KEY: up from 365c0a43-40b8-4796-858b-693f95b1d6a9
2025-12-18T23:08:42.281Z BRIDGE_KEY: up
2025-12-18T23:08:42.475Z CONNECTION from ::1
2025-12-18T23:08:42.477Z RAW_MESSAGE: {"type":"key","payload":{"key":"enter"},"requestId":"cmd-1766099322477"}
2025-12-18T23:08:42.478Z HANDLE_KEY_COMMAND: {"key":"enter"}
2025-12-18T23:08:42.478Z ROUTER_TO_SERVER: enter
2025-12-18T23:08:42.479Z SERVER_KEY: enter from 3f53b1a8-c5c6-4cbd-914d-3b5cdc8264ba
2025-12-18T23:08:42.479Z BRIDGE_KEY: enter
2025-12-18T23:08:48.361Z CONNECTION from ::1
2025-12-18T23:08:48.363Z RAW_MESSAGE: {"type":"key","payload":{"key":"up"},"requestId":"cmd-1766099328363"}
2025-12-18T23:08:48.364Z HANDLE_KEY_COMMAND: {"key":"up"}
2025-12-18T23:08:48.365Z ROUTER_TO_SERVER: up
2025-12-18T23:08:48.366Z SERVER_KEY: up from 55f99b86-e56b-4305-b6a5-73f5c44e7193
2025-12-18T23:08:48.366Z BRIDGE_KEY: up
2025-12-18T23:08:48.494Z CONNECTION from ::1
2025-12-18T23:08:48.497Z RAW_MESSAGE: {"type":"key","payload":{"key":"enter"},"requestId":"cmd-1766099328496"}
2025-12-18T23:08:48.497Z HANDLE_KEY_COMMAND: {"key":"enter"}
2025-12-18T23:08:48.498Z ROUTER_TO_SERVER: enter
2025-12-18T23:08:48.499Z SERVER_KEY: enter from 4d0434a8-ba38-4c57-92f2-8bdaa2fd6b05
2025-12-18T23:08:48.499Z BRIDGE_KEY: enter
